INFO 2025-10-23 19:13:12,743 autoreload Watching for file changes with StatReloader
WARNING 2025-10-23 19:13:29,885 log Not Found: /
WARNING 2025-10-23 19:13:29,887 basehttp "GET / HTTP/1.1" 404 3639
WARNING 2025-10-23 19:13:30,174 log Not Found: /favicon.ico
WARNING 2025-10-23 19:13:30,175 basehttp "GET /favicon.ico HTTP/1.1" 404 3690
INFO 2025-10-23 19:13:45,129 basehttp "GET /api HTTP/1.1" 301 0
INFO 2025-10-23 19:13:45,139 basehttp "GET /api/ HTTP/1.1" 200 177
INFO 2025-10-23 19:13:59,857 basehttp "GET /admin/ HTTP/1.1" 302 0
INFO 2025-10-23 19:14:00,465 basehttp "GET /admin/login/?next=/admin/ HTTP/1.1" 200 4177
INFO 2025-10-23 19:14:00,505 basehttp "GET /static/admin/css/base.css HTTP/1.1" 304 0
INFO 2025-10-23 19:14:00,513 basehttp "GET /static/admin/css/dark_mode.css HTTP/1.1" 304 0
INFO 2025-10-23 19:14:00,518 basehttp "GET /static/admin/css/responsive.css HTTP/1.1" 304 0
INFO 2025-10-23 19:14:00,518 basehttp "GET /static/admin/css/nav_sidebar.css HTTP/1.1" 304 0
INFO 2025-10-23 19:14:00,525 basehttp "GET /static/admin/js/theme.js HTTP/1.1" 304 0
INFO 2025-10-23 19:14:00,528 basehttp "GET /static/admin/css/login.css HTTP/1.1" 304 0
INFO 2025-10-23 19:14:00,537 basehttp "GET /static/admin/js/nav_sidebar.js HTTP/1.1" 304 0
INFO 2025-10-23 19:14:11,623 basehttp "POST /admin/login/?next=/admin/ HTTP/1.1" 200 4345
INFO 2025-10-23 19:14:36,014 basehttp "GET /health HTTP/1.1" 301 0
INFO 2025-10-23 19:14:36,024 basehttp "GET /health/ HTTP/1.1" 200 70
WARNING 2025-10-23 19:14:56,172 log Unauthorized: /api/clubs/
WARNING 2025-10-23 19:14:56,175 basehttp "GET /api/clubs/ HTTP/1.1" 401 5028
INFO 2025-10-23 19:14:56,264 basehttp "GET /static/rest_framework/css/bootstrap.min.css HTTP/1.1" 304 0
INFO 2025-10-23 19:14:56,270 basehttp "GET /static/rest_framework/css/bootstrap-tweaks.css HTTP/1.1" 304 0
INFO 2025-10-23 19:14:56,294 basehttp "GET /static/rest_framework/css/prettify.css HTTP/1.1" 304 0
INFO 2025-10-23 19:14:56,296 basehttp "GET /static/rest_framework/css/default.css HTTP/1.1" 304 0
INFO 2025-10-23 19:14:56,298 basehttp "GET /static/rest_framework/js/ajax-form.js HTTP/1.1" 304 0
INFO 2025-10-23 19:14:56,304 basehttp "GET /static/rest_framework/js/csrf.js HTTP/1.1" 304 0
INFO 2025-10-23 19:14:56,318 basehttp "GET /static/rest_framework/js/jquery-3.7.1.min.js HTTP/1.1" 304 0
INFO 2025-10-23 19:14:56,324 basehttp "GET /static/rest_framework/js/prettify-min.js HTTP/1.1" 304 0
INFO 2025-10-23 19:14:56,328 basehttp "GET /static/rest_framework/js/load-ajax-form.js HTTP/1.1" 304 0
INFO 2025-10-23 19:14:56,334 basehttp "GET /static/rest_framework/js/default.js HTTP/1.1" 304 0
INFO 2025-10-23 19:14:56,336 basehttp "GET /static/rest_framework/js/bootstrap.min.js HTTP/1.1" 304 0
INFO 2025-10-23 19:14:56,359 basehttp "GET /static/rest_framework/img/grid.png HTTP/1.1" 304 0
INFO 2025-10-23 19:16:21,360 autoreload Watching for file changes with StatReloader
INFO 2025-10-23 19:16:26,450 basehttp "GET /admin/ HTTP/1.1" 302 0
INFO 2025-10-23 19:16:26,539 basehttp "GET /admin/login/?next=/admin/ HTTP/1.1" 200 4177
INFO 2025-10-23 19:16:36,010 basehttp "POST /admin/login/?next=/admin/ HTTP/1.1" 200 4345
INFO 2025-10-23 19:16:47,139 basehttp "POST /admin/login/?next=/admin/ HTTP/1.1" 302 0
INFO 2025-10-23 19:16:47,271 basehttp "GET /admin/ HTTP/1.1" 200 18343
INFO 2025-10-23 19:16:47,307 basehttp "GET /static/admin/css/dashboard.css HTTP/1.1" 304 0
INFO 2025-10-23 19:16:47,320 basehttp "GET /static/admin/img/icon-addlink.svg HTTP/1.1" 304 0
INFO 2025-10-23 19:16:47,322 basehttp "GET /static/admin/img/icon-changelink.svg HTTP/1.1" 304 0
INFO 2025-10-23 19:17:03,055 basehttp "GET /admin/django_celery_beat/clockedschedule/ HTTP/1.1" 200 16709
INFO 2025-10-23 19:17:03,099 basehttp "GET /static/admin/css/changelists.css HTTP/1.1" 304 0
INFO 2025-10-23 19:17:03,118 basehttp "GET /static/admin/js/vendor/jquery/jquery.js HTTP/1.1" 304 0
INFO 2025-10-23 19:17:03,119 basehttp "GET /static/admin/js/admin/RelatedObjectLookups.js HTTP/1.1" 304 0
INFO 2025-10-23 19:17:03,124 basehttp "GET /static/admin/js/jquery.init.js HTTP/1.1" 304 0
INFO 2025-10-23 19:17:03,129 basehttp "GET /static/admin/js/urlify.js HTTP/1.1" 304 0
INFO 2025-10-23 19:17:03,138 basehttp "GET /static/admin/js/actions.js HTTP/1.1" 304 0
INFO 2025-10-23 19:17:03,139 basehttp "GET /static/admin/js/core.js HTTP/1.1" 304 0
INFO 2025-10-23 19:17:03,139 basehttp "GET /static/admin/js/prepopulate.js HTTP/1.1" 304 0
INFO 2025-10-23 19:17:03,141 basehttp "GET /static/admin/js/vendor/xregexp/xregexp.js HTTP/1.1" 304 0
INFO 2025-10-23 19:17:03,172 basehttp "GET /static/admin/js/filters.js HTTP/1.1" 304 0
INFO 2025-10-23 19:17:03,254 basehttp "GET /admin/jsi18n/ HTTP/1.1" 200 3342
INFO 2025-10-23 19:17:03,328 basehttp "GET /static/admin/img/tooltag-add.svg HTTP/1.1" 304 0
INFO 2025-10-23 19:17:08,333 basehttp "GET /admin/bookings/slotlock/ HTTP/1.1" 200 19035
INFO 2025-10-23 19:17:08,395 basehttp "GET /static/admin/img/search.svg HTTP/1.1" 304 0
INFO 2025-10-23 19:17:08,398 basehttp "GET /admin/jsi18n/ HTTP/1.1" 200 3342
INFO 2025-10-23 19:17:08,465 basehttp "GET /static/admin/img/icon-viewlink.svg HTTP/1.1" 304 0
INFO 2025-10-23 19:17:11,692 basehttp "GET /admin/accounts/user/ HTTP/1.1" 200 22211
INFO 2025-10-23 19:17:11,746 basehttp "GET /static/admin/img/icon-yes.svg HTTP/1.1" 304 0
INFO 2025-10-23 19:17:11,747 basehttp "GET /static/admin/img/icon-no.svg HTTP/1.1" 304 0
INFO 2025-10-23 19:17:11,747 basehttp "GET /admin/jsi18n/ HTTP/1.1" 200 3342
INFO 2025-10-23 19:17:11,793 basehttp "GET /static/admin/img/sorting-icons.svg HTTP/1.1" 304 0
INFO 2025-10-23 19:17:18,542 basehttp "GET /admin/accounts/otp/ HTTP/1.1" 200 19245
INFO 2025-10-23 19:17:18,583 basehttp "GET /admin/jsi18n/ HTTP/1.1" 200 3342
INFO 2025-10-23 19:17:20,812 basehttp "GET /admin/authtoken/tokenproxy/ HTTP/1.1" 200 18049
INFO 2025-10-23 19:17:23,059 basehttp "GET /admin/auth/group/ HTTP/1.1" 200 16982
INFO 2025-10-23 19:17:23,119 basehttp "GET /admin/jsi18n/ HTTP/1.1" 200 3342
INFO 2025-10-23 19:17:26,233 basehttp "GET /admin/bookings/booking/ HTTP/1.1" 200 16659
INFO 2025-10-23 19:17:26,294 basehttp "GET /admin/jsi18n/ HTTP/1.1" 200 3342
INFO 2025-10-23 19:17:29,549 basehttp "GET /admin/clubs/club/ HTTP/1.1" 200 18453
INFO 2025-10-23 19:17:29,603 basehttp "GET /admin/jsi18n/ HTTP/1.1" 200 3342
INFO 2025-10-23 19:17:34,189 basehttp "GET /admin/clubs/sport/ HTTP/1.1" 200 17808
INFO 2025-10-23 19:17:34,244 basehttp "GET /admin/jsi18n/ HTTP/1.1" 200 3342
INFO 2025-10-23 19:17:40,641 basehttp "GET /admin/payments/payment/ HTTP/1.1" 200 18993
INFO 2025-10-23 19:17:40,698 basehttp "GET /admin/jsi18n/ HTTP/1.1" 200 3342
INFO 2025-10-23 19:17:45,587 basehttp "GET /admin/django_celery_beat/solarschedule/ HTTP/1.1" 200 16727
INFO 2025-10-23 19:17:45,639 basehttp "GET /admin/jsi18n/ HTTP/1.1" 200 3342
INFO 2025-10-23 19:18:25,857 basehttp "GET /api/auth/profile/ HTTP/1.1" 200 7695
WARNING 2025-10-23 19:18:36,016 log Not Found: /api/auth
WARNING 2025-10-23 19:18:36,017 basehttp "GET /api/auth HTTP/1.1" 404 3681
INFO 2025-10-23 19:18:41,768 basehttp "GET /api/auth/profile/ HTTP/1.1" 200 7695
WARNING 2025-10-23 19:18:47,903 log Not Found: /api/auth/
WARNING 2025-10-23 19:18:47,905 basehttp "GET /api/auth/ HTTP/1.1" 404 6060
INFO 2025-10-23 19:18:56,017 basehttp "GET /api/auth/profile/ HTTP/1.1" 200 7695
INFO 2025-10-23 19:19:05,653 basehttp "OPTIONS /api/auth/profile/ HTTP/1.1" 200 7542
INFO 2025-10-23 19:19:08,602 basehttp "OPTIONS /api/auth/profile/ HTTP/1.1" 200 7542
INFO 2025-10-23 19:19:13,610 basehttp "GET /api/auth/profile/ HTTP/1.1" 200 7695
INFO 2025-10-28 18:58:20,967 autoreload Watching for file changes with StatReloader
ERROR 2025-10-28 18:59:51,849 tasks Expired payments cleanup failed: Cannot resolve keyword 'expires_at' into field. Choices are: amount, booking, booking_id, completed_at, created_at, currency, id, metadata, payment_method, status, stripe_payment_intent_id
ERROR 2025-10-28 18:59:51,873 tasks Security monitoring failed: Cannot resolve keyword 'attempts' into field. Choices are: amount, booking, booking_id, completed_at, created_at, currency, id, metadata, payment_method, status, stripe_payment_intent_id
ERROR 2025-10-28 18:59:51,899 tasks Expired payments cleanup failed: Cannot resolve keyword 'expires_at' into field. Choices are: amount, booking, booking_id, completed_at, created_at, currency, id, metadata, payment_method, status, stripe_payment_intent_id
ERROR 2025-10-28 18:59:51,922 tasks Expired payments cleanup failed: Cannot resolve keyword 'expires_at' into field. Choices are: amount, booking, booking_id, completed_at, created_at, currency, id, metadata, payment_method, status, stripe_payment_intent_id
ERROR 2025-10-28 18:59:51,945 tasks Security monitoring failed: Cannot resolve keyword 'attempts' into field. Choices are: amount, booking, booking_id, completed_at, created_at, currency, id, metadata, payment_method, status, stripe_payment_intent_id
ERROR 2025-10-28 18:59:51,969 tasks Expired payments cleanup failed: Cannot resolve keyword 'expires_at' into field. Choices are: amount, booking, booking_id, completed_at, created_at, currency, id, metadata, payment_method, status, stripe_payment_intent_id
ERROR 2025-10-28 18:59:51,995 tasks Expired payments cleanup failed: Cannot resolve keyword 'expires_at' into field. Choices are: amount, booking, booking_id, completed_at, created_at, currency, id, metadata, payment_method, status, stripe_payment_intent_id
ERROR 2025-10-28 18:59:52,022 tasks Security monitoring failed: Cannot resolve keyword 'attempts' into field. Choices are: amount, booking, booking_id, completed_at, created_at, currency, id, metadata, payment_method, status, stripe_payment_intent_id
ERROR 2025-10-28 18:59:52,038 tasks Expired payments cleanup failed: Cannot resolve keyword 'expires_at' into field. Choices are: amount, booking, booking_id, completed_at, created_at, currency, id, metadata, payment_method, status, stripe_payment_intent_id
ERROR 2025-10-28 18:59:52,052 tasks Expired payments cleanup failed: Cannot resolve keyword 'expires_at' into field. Choices are: amount, booking, booking_id, completed_at, created_at, currency, id, metadata, payment_method, status, stripe_payment_intent_id
ERROR 2025-10-28 18:59:52,067 tasks Security monitoring failed: Cannot resolve keyword 'attempts' into field. Choices are: amount, booking, booking_id, completed_at, created_at, currency, id, metadata, payment_method, status, stripe_payment_intent_id
ERROR 2025-10-28 18:59:52,078 tasks Expired payments cleanup failed: Cannot resolve keyword 'expires_at' into field. Choices are: amount, booking, booking_id, completed_at, created_at, currency, id, metadata, payment_method, status, stripe_payment_intent_id
ERROR 2025-10-28 18:59:52,089 tasks Expired payments cleanup failed: Cannot resolve keyword 'expires_at' into field. Choices are: amount, booking, booking_id, completed_at, created_at, currency, id, metadata, payment_method, status, stripe_payment_intent_id
ERROR 2025-10-28 18:59:52,101 tasks Expired payments cleanup failed: Cannot resolve keyword 'expires_at' into field. Choices are: amount, booking, booking_id, completed_at, created_at, currency, id, metadata, payment_method, status, stripe_payment_intent_id
ERROR 2025-10-28 18:59:52,114 tasks Security monitoring failed: Cannot resolve keyword 'attempts' into field. Choices are: amount, booking, booking_id, completed_at, created_at, currency, id, metadata, payment_method, status, stripe_payment_intent_id
ERROR 2025-10-28 18:59:52,126 tasks Expired payments cleanup failed: Cannot resolve keyword 'expires_at' into field. Choices are: amount, booking, booking_id, completed_at, created_at, currency, id, metadata, payment_method, status, stripe_payment_intent_id
ERROR 2025-10-28 18:59:52,136 tasks Expired payments cleanup failed: Cannot resolve keyword 'expires_at' into field. Choices are: amount, booking, booking_id, completed_at, created_at, currency, id, metadata, payment_method, status, stripe_payment_intent_id
ERROR 2025-10-28 18:59:52,145 tasks Security monitoring failed: Cannot resolve keyword 'attempts' into field. Choices are: amount, booking, booking_id, completed_at, created_at, currency, id, metadata, payment_method, status, stripe_payment_intent_id
ERROR 2025-10-28 18:59:52,153 tasks Expired payments cleanup failed: Cannot resolve keyword 'expires_at' into field. Choices are: amount, booking, booking_id, completed_at, created_at, currency, id, metadata, payment_method, status, stripe_payment_intent_id
ERROR 2025-10-28 18:59:52,164 tasks Expired payments cleanup failed: Cannot resolve keyword 'expires_at' into field. Choices are: amount, booking, booking_id, completed_at, created_at, currency, id, metadata, payment_method, status, stripe_payment_intent_id
ERROR 2025-10-28 18:59:52,173 tasks Security monitoring failed: Cannot resolve keyword 'attempts' into field. Choices are: amount, booking, booking_id, completed_at, created_at, currency, id, metadata, payment_method, status, stripe_payment_intent_id
ERROR 2025-10-28 18:59:52,182 tasks Expired payments cleanup failed: Cannot resolve keyword 'expires_at' into field. Choices are: amount, booking, booking_id, completed_at, created_at, currency, id, metadata, payment_method, status, stripe_payment_intent_id
ERROR 2025-10-28 18:59:52,190 tasks Expired payments cleanup failed: Cannot resolve keyword 'expires_at' into field. Choices are: amount, booking, booking_id, completed_at, created_at, currency, id, metadata, payment_method, status, stripe_payment_intent_id
ERROR 2025-10-28 18:59:52,199 tasks Security monitoring failed: Cannot resolve keyword 'attempts' into field. Choices are: amount, booking, booking_id, completed_at, created_at, currency, id, metadata, payment_method, status, stripe_payment_intent_id
ERROR 2025-10-28 18:59:52,207 tasks Expired payments cleanup failed: Cannot resolve keyword 'expires_at' into field. Choices are: amount, booking, booking_id, completed_at, created_at, currency, id, metadata, payment_method, status, stripe_payment_intent_id
ERROR 2025-10-28 18:59:52,216 tasks Expired payments cleanup failed: Cannot resolve keyword 'expires_at' into field. Choices are: amount, booking, booking_id, completed_at, created_at, currency, id, metadata, payment_method, status, stripe_payment_intent_id
ERROR 2025-10-28 18:59:52,225 tasks Security monitoring failed: Cannot resolve keyword 'attempts' into field. Choices are: amount, booking, booking_id, completed_at, created_at, currency, id, metadata, payment_method, status, stripe_payment_intent_id
ERROR 2025-10-28 18:59:52,235 tasks Expired payments cleanup failed: Cannot resolve keyword 'expires_at' into field. Choices are: amount, booking, booking_id, completed_at, created_at, currency, id, metadata, payment_method, status, stripe_payment_intent_id
ERROR 2025-10-28 18:59:52,243 tasks Expired payments cleanup failed: Cannot resolve keyword 'expires_at' into field. Choices are: amount, booking, booking_id, completed_at, created_at, currency, id, metadata, payment_method, status, stripe_payment_intent_id
ERROR 2025-10-28 18:59:52,251 tasks Security monitoring failed: Cannot resolve keyword 'attempts' into field. Choices are: amount, booking, booking_id, completed_at, created_at, currency, id, metadata, payment_method, status, stripe_payment_intent_id
ERROR 2025-10-28 18:59:52,259 tasks Expired payments cleanup failed: Cannot resolve keyword 'expires_at' into field. Choices are: amount, booking, booking_id, completed_at, created_at, currency, id, metadata, payment_method, status, stripe_payment_intent_id
ERROR 2025-10-28 18:59:52,267 tasks Expired payments cleanup failed: Cannot resolve keyword 'expires_at' into field. Choices are: amount, booking, booking_id, completed_at, created_at, currency, id, metadata, payment_method, status, stripe_payment_intent_id
ERROR 2025-10-28 18:59:52,275 tasks Security monitoring failed: Cannot resolve keyword 'attempts' into field. Choices are: amount, booking, booking_id, completed_at, created_at, currency, id, metadata, payment_method, status, stripe_payment_intent_id
ERROR 2025-10-28 18:59:52,283 tasks Expired payments cleanup failed: Cannot resolve keyword 'expires_at' into field. Choices are: amount, booking, booking_id, completed_at, created_at, currency, id, metadata, payment_method, status, stripe_payment_intent_id
ERROR 2025-10-28 18:59:52,293 tasks Expired payments cleanup failed: Cannot resolve keyword 'expires_at' into field. Choices are: amount, booking, booking_id, completed_at, created_at, currency, id, metadata, payment_method, status, stripe_payment_intent_id
ERROR 2025-10-28 18:59:52,301 tasks Security monitoring failed: Cannot resolve keyword 'attempts' into field. Choices are: amount, booking, booking_id, completed_at, created_at, currency, id, metadata, payment_method, status, stripe_payment_intent_id
ERROR 2025-10-28 18:59:52,309 tasks Expired payments cleanup failed: Cannot resolve keyword 'expires_at' into field. Choices are: amount, booking, booking_id, completed_at, created_at, currency, id, metadata, payment_method, status, stripe_payment_intent_id
ERROR 2025-10-28 18:59:52,320 tasks Expired payments cleanup failed: Cannot resolve keyword 'expires_at' into field. Choices are: amount, booking, booking_id, completed_at, created_at, currency, id, metadata, payment_method, status, stripe_payment_intent_id
ERROR 2025-10-28 19:00:21,354 tasks Expired payments cleanup failed: Cannot resolve keyword 'expires_at' into field. Choices are: amount, booking, booking_id, completed_at, created_at, currency, id, metadata, payment_method, status, stripe_payment_intent_id
ERROR 2025-10-28 19:00:21,369 tasks Security monitoring failed: Cannot resolve keyword 'attempts' into field. Choices are: amount, booking, booking_id, completed_at, created_at, currency, id, metadata, payment_method, status, stripe_payment_intent_id
INFO 2025-10-28 19:00:48,020 basehttp "GET /api/auth/profile/ HTTP/1.1" 200 7695
INFO 2025-10-28 19:00:48,691 basehttp "GET /static/rest_framework/css/prettify.css HTTP/1.1" 200 817
INFO 2025-10-28 19:00:48,702 basehttp "GET /static/rest_framework/css/default.css HTTP/1.1" 200 1152
INFO 2025-10-28 19:00:48,746 basehttp "GET /static/rest_framework/css/bootstrap-tweaks.css HTTP/1.1" 200 3426
INFO 2025-10-28 19:00:48,765 basehttp "GET /static/rest_framework/css/bootstrap.min.css HTTP/1.1" 200 121457
INFO 2025-10-28 19:00:48,893 basehttp "GET /static/rest_framework/js/bootstrap.min.js HTTP/1.1" 200 39680
INFO 2025-10-28 19:00:48,959 basehttp "GET /static/rest_framework/js/csrf.js HTTP/1.1" 200 1793
INFO 2025-10-28 19:00:49,153 basehttp "GET /static/rest_framework/js/default.js HTTP/1.1" 200 1268
INFO 2025-10-28 19:00:49,154 basehttp "GET /static/rest_framework/js/ajax-form.js HTTP/1.1" 200 3796
INFO 2025-10-28 19:00:49,184 basehttp "GET /static/rest_framework/js/prettify-min.js HTTP/1.1" 200 13632
INFO 2025-10-28 19:00:49,332 basehttp "GET /static/rest_framework/js/load-ajax-form.js HTTP/1.1" 200 59
INFO 2025-10-28 19:00:49,345 basehttp "GET /static/rest_framework/js/jquery-3.7.1.min.js HTTP/1.1" 200 87533
INFO 2025-10-28 19:00:49,379 basehttp "GET /static/rest_framework/img/grid.png HTTP/1.1" 200 1458
WARNING 2025-10-28 19:00:49,533 log Not Found: /favicon.ico
WARNING 2025-10-28 19:00:49,536 basehttp "GET /favicon.ico HTTP/1.1" 404 3690
INFO 2025-10-28 19:01:02,949 basehttp "GET /api HTTP/1.1" 301 0
INFO 2025-10-28 19:01:02,959 basehttp "GET /api/ HTTP/1.1" 200 177
INFO 2025-10-28 19:01:20,806 basehttp "GET /health HTTP/1.1" 301 0
INFO 2025-10-28 19:01:20,814 basehttp "GET /health/ HTTP/1.1" 200 70
WARNING 2025-10-28 19:01:43,083 log Not Found: /api/auth/
WARNING 2025-10-28 19:01:43,086 basehttp "GET /api/auth/ HTTP/1.1" 404 6060
WARNING 2025-10-28 19:02:09,312 log Method Not Allowed: /api/auth/send-otp/
WARNING 2025-10-28 19:02:09,314 basehttp "GET /api/auth/send-otp/ HTTP/1.1" 405 5621
INFO 2025-10-28 19:02:19,602 basehttp "OPTIONS /api/auth/send-otp/ HTTP/1.1" 200 5889
INFO 2025-10-28 19:02:22,275 basehttp "OPTIONS /api/auth/send-otp/ HTTP/1.1" 200 5889
INFO 2025-10-28 19:02:23,798 basehttp "OPTIONS /api/auth/send-otp/ HTTP/1.1" 200 5889
INFO 2025-10-28 19:02:25,605 basehttp "OPTIONS /api/auth/send-otp/ HTTP/1.1" 200 5889
INFO 2025-10-28 19:02:30,751 basehttp "OPTIONS /api/auth/send-otp/ HTTP/1.1" 200 5889
ERROR 2025-10-28 19:05:15,166 tasks Expired payments cleanup failed: Cannot resolve keyword 'expires_at' into field. Choices are: amount, booking, booking_id, completed_at, created_at, currency, id, metadata, payment_method, status, stripe_payment_intent_id
ERROR 2025-10-28 19:10:15,187 tasks Expired payments cleanup failed: Cannot resolve keyword 'expires_at' into field. Choices are: amount, booking, booking_id, completed_at, created_at, currency, id, metadata, payment_method, status, stripe_payment_intent_id
ERROR 2025-10-28 19:10:21,367 tasks Security monitoring failed: Cannot resolve keyword 'attempts' into field. Choices are: amount, booking, booking_id, completed_at, created_at, currency, id, metadata, payment_method, status, stripe_payment_intent_id
WARNING 2025-10-28 19:11:28,748 log Bad Request: /api/auth/send-otp/
WARNING 2025-10-28 19:11:28,750 basehttp "POST /api/auth/send-otp/ HTTP/1.1" 400 5624
WARNING 2025-10-28 19:12:11,611 log Bad Request: /api/auth/send-otp/
WARNING 2025-10-28 19:12:11,613 basehttp "POST /api/auth/send-otp/ HTTP/1.1" 400 5650
WARNING 2025-10-28 19:12:46,258 log Bad Request: /api/auth/send-otp/
WARNING 2025-10-28 19:12:46,260 basehttp "POST /api/auth/send-otp/ HTTP/1.1" 400 5620
INFO 2025-10-28 19:13:25,632 basehttp "POST /api/auth/send-otp/ HTTP/1.1" 200 5679
ERROR 2025-10-28 19:13:28,521 tasks Error sending OTP SMS to 9513363090: HTTP 401 error: Unable to create record: Authenticate
INFO 2025-10-28 19:13:45,694 basehttp "GET /admin HTTP/1.1" 301 0
INFO 2025-10-28 19:13:46,420 basehttp "GET /admin/ HTTP/1.1" 200 18343
INFO 2025-10-28 19:13:46,517 basehttp "GET /static/admin/css/base.css HTTP/1.1" 200 22120
INFO 2025-10-28 19:13:46,541 basehttp "GET /static/admin/css/dark_mode.css HTTP/1.1" 200 2808
INFO 2025-10-28 19:13:46,541 basehttp "GET /static/admin/css/dashboard.css HTTP/1.1" 200 441
INFO 2025-10-28 19:13:46,542 basehttp "GET /static/admin/css/nav_sidebar.css HTTP/1.1" 200 2810
INFO 2025-10-28 19:13:46,552 basehttp "GET /static/admin/css/responsive.css HTTP/1.1" 200 16565
INFO 2025-10-28 19:13:46,594 basehttp "GET /static/admin/js/theme.js HTTP/1.1" 200 1653
INFO 2025-10-28 19:13:46,616 basehttp "GET /static/admin/js/nav_sidebar.js HTTP/1.1" 200 3063
INFO 2025-10-28 19:13:46,634 basehttp "GET /static/admin/img/icon-addlink.svg HTTP/1.1" 200 331
INFO 2025-10-28 19:13:46,638 basehttp "GET /static/admin/img/icon-changelink.svg HTTP/1.1" 200 380
INFO 2025-10-28 19:13:49,893 basehttp "GET /admin/accounts/otp/ HTTP/1.1" 200 22416
INFO 2025-10-28 19:13:49,988 basehttp "GET /static/admin/css/changelists.css HTTP/1.1" 200 6878
INFO 2025-10-28 19:13:50,004 basehttp "GET /static/admin/js/jquery.init.js HTTP/1.1" 200 347
INFO 2025-10-28 19:13:50,035 basehttp "GET /static/admin/js/core.js HTTP/1.1" 200 6208
INFO 2025-10-28 19:13:50,040 basehttp "GET /static/admin/js/admin/RelatedObjectLookups.js HTTP/1.1" 200 9777
INFO 2025-10-28 19:13:50,064 basehttp "GET /static/admin/js/urlify.js HTTP/1.1" 200 7887
INFO 2025-10-28 19:13:50,074 basehttp "GET /static/admin/js/actions.js HTTP/1.1" 200 8076
INFO 2025-10-28 19:13:50,090 basehttp "GET /static/admin/js/prepopulate.js HTTP/1.1" 200 1531
INFO 2025-10-28 19:13:50,099 basehttp "GET /static/admin/img/search.svg HTTP/1.1" 200 458
INFO 2025-10-28 19:13:50,108 basehttp "GET /static/admin/img/icon-no.svg HTTP/1.1" 200 560
INFO 2025-10-28 19:13:50,158 basehttp "GET /static/admin/js/vendor/jquery/jquery.js HTTP/1.1" 200 285314
INFO 2025-10-28 19:13:50,192 basehttp "GET /admin/jsi18n/ HTTP/1.1" 200 3342
INFO 2025-10-28 19:13:50,230 basehttp "GET /static/admin/js/filters.js HTTP/1.1" 200 978
INFO 2025-10-28 19:13:50,326 basehttp "GET /static/admin/js/vendor/xregexp/xregexp.js HTTP/1.1" 200 325171
INFO 2025-10-28 19:13:50,434 basehttp "GET /static/admin/img/tooltag-add.svg HTTP/1.1" 200 331
INFO 2025-10-28 19:13:50,440 basehttp "GET /static/admin/img/icon-viewlink.svg HTTP/1.1" 200 581
INFO 2025-10-28 19:13:50,445 basehttp "GET /static/admin/img/sorting-icons.svg HTTP/1.1" 200 1097
WARNING 2025-10-28 19:14:17,463 log Method Not Allowed: /api/auth/verify-otp/
WARNING 2025-10-28 19:14:17,465 basehttp "GET /api/auth/verify-otp/ HTTP/1.1" 405 5639
WARNING 2025-10-28 19:14:43,330 log Bad Request: /api/auth/verify-otp/
WARNING 2025-10-28 19:14:43,332 basehttp "POST /api/auth/verify-otp/ HTTP/1.1" 400 5642
ERROR 2025-10-28 19:15:15,216 tasks Expired payments cleanup failed: Cannot resolve keyword 'expires_at' into field. Choices are: amount, booking, booking_id, completed_at, created_at, currency, id, metadata, payment_method, status, stripe_payment_intent_id
WARNING 2025-10-28 19:16:49,632 log Bad Request: /api/auth/verify-otp/
WARNING 2025-10-28 19:16:49,634 basehttp "POST /api/auth/verify-otp/ HTTP/1.1" 400 5637
WARNING 2025-10-28 19:17:03,425 log Method Not Allowed: /api/auth/send-otp/
WARNING 2025-10-28 19:17:03,427 basehttp "GET /api/auth/send-otp/ HTTP/1.1" 405 5621
INFO 2025-10-28 19:17:31,454 basehttp "POST /api/auth/send-otp/ HTTP/1.1" 200 5679
ERROR 2025-10-28 19:17:33,207 tasks Error sending OTP SMS to 9513363090: HTTP 401 error: Unable to create record: Authenticate
INFO 2025-10-28 19:17:39,960 basehttp "GET /admin/accounts/otp/ HTTP/1.1" 200 22416
INFO 2025-10-28 19:17:40,007 basehttp "GET /admin/jsi18n/ HTTP/1.1" 200 3342
WARNING 2025-10-28 19:17:53,973 log Method Not Allowed: /api/auth/verify-otp/
WARNING 2025-10-28 19:17:53,975 basehttp "GET /api/auth/verify-otp/ HTTP/1.1" 405 5639
WARNING 2025-10-28 19:18:28,250 log Bad Request: /api/auth/verify-otp/
WARNING 2025-10-28 19:18:28,253 basehttp "POST /api/auth/verify-otp/ HTTP/1.1" 400 5641
WARNING 2025-10-28 19:19:47,238 log Bad Request: /api/auth/verify-otp/
WARNING 2025-10-28 19:19:47,240 basehttp "POST /api/auth/verify-otp/ HTTP/1.1" 400 5632
ERROR 2025-10-28 19:20:15,266 tasks Expired payments cleanup failed: Cannot resolve keyword 'expires_at' into field. Choices are: amount, booking, booking_id, completed_at, created_at, currency, id, metadata, payment_method, status, stripe_payment_intent_id
ERROR 2025-10-28 19:20:21,357 tasks Security monitoring failed: Cannot resolve keyword 'attempts' into field. Choices are: amount, booking, booking_id, completed_at, created_at, currency, id, metadata, payment_method, status, stripe_payment_intent_id
WARNING 2025-10-28 19:20:27,782 log Bad Request: /api/auth/verify-otp/
WARNING 2025-10-28 19:20:27,784 basehttp "POST /api/auth/verify-otp/ HTTP/1.1" 400 5637
WARNING 2025-10-28 19:20:41,622 log Method Not Allowed: /api/auth/send-otp/
WARNING 2025-10-28 19:20:41,624 basehttp "GET /api/auth/send-otp/ HTTP/1.1" 405 5621
INFO 2025-10-28 19:20:50,581 basehttp "GET /admin/accounts/otp/ HTTP/1.1" 200 19245
INFO 2025-10-28 19:20:50,669 basehttp "GET /admin/jsi18n/ HTTP/1.1" 200 3342
ERROR 2025-10-28 19:25:15,260 tasks Expired payments cleanup failed: Cannot resolve keyword 'expires_at' into field. Choices are: amount, booking, booking_id, completed_at, created_at, currency, id, metadata, payment_method, status, stripe_payment_intent_id
WARNING 2025-10-28 19:26:47,822 log Forbidden: /api/auth/send-otp/
WARNING 2025-10-28 19:26:47,823 basehttp "POST /api/auth/send-otp/ HTTP/1.1" 403 63
ERROR 2025-10-28 19:30:15,277 tasks Expired payments cleanup failed: Cannot resolve keyword 'expires_at' into field. Choices are: amount, booking, booking_id, completed_at, created_at, currency, id, metadata, payment_method, status, stripe_payment_intent_id
ERROR 2025-10-28 19:30:21,356 tasks Security monitoring failed: Cannot resolve keyword 'attempts' into field. Choices are: amount, booking, booking_id, completed_at, created_at, currency, id, metadata, payment_method, status, stripe_payment_intent_id
ERROR 2025-10-28 19:35:15,282 tasks Expired payments cleanup failed: Cannot resolve keyword 'expires_at' into field. Choices are: amount, booking, booking_id, completed_at, created_at, currency, id, metadata, payment_method, status, stripe_payment_intent_id
INFO 2025-10-28 19:37:05,135 basehttp "GET /api/ HTTP/1.1" 200 177
INFO 2025-10-28 19:38:58,305 basehttp "GET /health/ HTTP/1.1" 200 70
WARNING 2025-10-28 19:39:49,170 log Not Found: /api/api/auth/
WARNING 2025-10-28 19:39:49,176 basehttp "GET /api/api/auth/ HTTP/1.1" 404 3696
WARNING 2025-10-28 19:39:59,945 log Not Found: /api/api/auth/send-otp
WARNING 2025-10-28 19:39:59,946 basehttp "GET /api/api/auth/send-otp HTTP/1.1" 404 3720
WARNING 2025-10-28 19:40:08,916 log Not Found: /api/api/send-otp
WARNING 2025-10-28 19:40:08,926 basehttp "GET /api/api/send-otp HTTP/1.1" 404 3705
ERROR 2025-10-28 19:40:15,317 tasks Expired payments cleanup failed: Cannot resolve keyword 'expires_at' into field. Choices are: amount, booking, booking_id, completed_at, created_at, currency, id, metadata, payment_method, status, stripe_payment_intent_id
WARNING 2025-10-28 19:40:18,064 log Not Found: /api/send-otp
WARNING 2025-10-28 19:40:18,065 basehttp "GET /api/send-otp HTTP/1.1" 404 3693
ERROR 2025-10-28 19:40:21,368 tasks Security monitoring failed: Cannot resolve keyword 'attempts' into field. Choices are: amount, booking, booking_id, completed_at, created_at, currency, id, metadata, payment_method, status, stripe_payment_intent_id
INFO 2025-10-28 19:40:28,194 basehttp "GET /api/auth/send-otp HTTP/1.1" 301 0
WARNING 2025-10-28 19:40:28,201 log Method Not Allowed: /api/auth/send-otp/
WARNING 2025-10-28 19:40:28,201 basehttp "GET /api/auth/send-otp/ HTTP/1.1" 405 40
INFO 2025-10-28 19:42:25,589 basehttp "GET /api/auth/send-otp? HTTP/1.1" 301 0
WARNING 2025-10-28 19:42:25,598 log Method Not Allowed: /api/auth/send-otp/
WARNING 2025-10-28 19:42:25,600 basehttp "GET /api/auth/send-otp/ HTTP/1.1" 405 40
ERROR 2025-10-28 19:42:33,836 log Internal Server Error: /api/auth/send-otp
Traceback (most recent call last):
  File "C:\Users\dell\OneDrive\Desktop\sports-booking-system\backend\sports_env\Lib\site-packages\django\core\handlers\exception.py", line 55, in inner
    response = get_response(request)
  File "C:\Users\dell\OneDrive\Desktop\sports-booking-system\backend\sports_env\Lib\site-packages\django\utils\deprecation.py", line 122, in __call__
    response = self.process_response(request, response)
  File "C:\Users\dell\OneDrive\Desktop\sports-booking-system\backend\sports_env\Lib\site-packages\django\middleware\common.py", line 108, in process_response
    return self.response_redirect_class(self.get_full_path_with_slash(request))
                                        ~~~~~~~~~~~~~~~~~~~~~~~~~~~~~^^^^^^^^^
  File "C:\Users\dell\OneDrive\Desktop\sports-booking-system\backend\sports_env\Lib\site-packages\django\middleware\common.py", line 87, in get_full_path_with_slash
    raise RuntimeError(
    ...<9 lines>...
    )
RuntimeError: You called this URL via POST, but the URL doesn't end in a slash and you have APPEND_SLASH set. Django can't redirect to the slash URL while maintaining POST data. Change your form to point to localhost:8000/api/auth/send-otp/ (note the trailing slash), or set APPEND_SLASH=False in your Django settings.
ERROR 2025-10-28 19:42:33,863 basehttp "POST /api/auth/send-otp? HTTP/1.1" 500 82132
INFO 2025-10-28 19:42:42,699 basehttp "OPTIONS /api/auth/send-otp? HTTP/1.1" 301 0
WARNING 2025-10-28 19:42:42,706 log Method Not Allowed: /api/auth/send-otp/
WARNING 2025-10-28 19:42:42,707 basehttp "GET /api/auth/send-otp/ HTTP/1.1" 405 40
WARNING 2025-10-28 19:43:59,852 log Forbidden: /api/auth/send-otp/
WARNING 2025-10-28 19:43:59,855 basehttp "POST /api/auth/send-otp/ HTTP/1.1" 403 63
ERROR 2025-10-28 19:45:15,362 tasks Expired payments cleanup failed: Cannot resolve keyword 'expires_at' into field. Choices are: amount, booking, booking_id, completed_at, created_at, currency, id, metadata, payment_method, status, stripe_payment_intent_id
WARNING 2025-10-28 19:48:51,606 log Forbidden: /api/auth/send-otp/
WARNING 2025-10-28 19:48:51,608 basehttp "POST /api/auth/send-otp/ HTTP/1.1" 403 63
ERROR 2025-10-28 19:50:15,369 tasks Expired payments cleanup failed: Cannot resolve keyword 'expires_at' into field. Choices are: amount, booking, booking_id, completed_at, created_at, currency, id, metadata, payment_method, status, stripe_payment_intent_id
ERROR 2025-10-28 19:50:21,406 tasks Security monitoring failed: Cannot resolve keyword 'attempts' into field. Choices are: amount, booking, booking_id, completed_at, created_at, currency, id, metadata, payment_method, status, stripe_payment_intent_id
WARNING 2025-10-28 19:52:40,901 log Forbidden: /api/auth/send-otp/
WARNING 2025-10-28 19:52:40,903 basehttp "POST /api/auth/send-otp/ HTTP/1.1" 403 63
ERROR 2025-10-28 19:55:15,423 tasks Expired payments cleanup failed: Cannot resolve keyword 'expires_at' into field. Choices are: amount, booking, booking_id, completed_at, created_at, currency, id, metadata, payment_method, status, stripe_payment_intent_id
INFO 2025-10-28 19:56:23,423 autoreload C:\Users\dell\OneDrive\Desktop\sports-booking-system\backend\sports_booking\sports_booking\settings.py changed, reloading.
INFO 2025-10-28 19:57:19,704 autoreload Watching for file changes with StatReloader
WARNING 2025-10-28 19:57:59,961 log Forbidden: /api/auth/send-otp/
WARNING 2025-10-28 19:57:59,965 basehttp "POST /api/auth/send-otp/ HTTP/1.1" 403 63
INFO 2025-10-28 19:58:50,897 autoreload C:\Users\dell\OneDrive\Desktop\sports-booking-system\backend\sports_booking\sports_booking\settings.py changed, reloading.
INFO 2025-10-28 19:58:57,847 autoreload Watching for file changes with StatReloader
WARNING 2025-10-28 19:59:06,352 log Forbidden: /api/auth/send-otp/
WARNING 2025-10-28 19:59:06,354 basehttp "POST /api/auth/send-otp/ HTTP/1.1" 403 63
WARNING 2025-10-28 20:00:01,730 log Forbidden: /api/auth/send-otp/
WARNING 2025-10-28 20:00:01,735 basehttp "POST /api/auth/send-otp/ HTTP/1.1" 403 63
ERROR 2025-10-28 20:00:15,444 tasks Expired payments cleanup failed: Cannot resolve keyword 'expires_at' into field. Choices are: amount, booking, booking_id, completed_at, created_at, currency, id, metadata, payment_method, status, stripe_payment_intent_id
ERROR 2025-10-28 20:00:21,409 tasks Security monitoring failed: Cannot resolve keyword 'attempts' into field. Choices are: amount, booking, booking_id, completed_at, created_at, currency, id, metadata, payment_method, status, stripe_payment_intent_id
INFO 2025-10-28 20:00:25,812 basehttp "GET /admin/accounts/otp/ HTTP/1.1" 200 19245
INFO 2025-10-28 20:00:25,920 basehttp "GET /admin/jsi18n/ HTTP/1.1" 200 3342
INFO 2025-10-28 20:00:30,524 basehttp "GET /admin/accounts/user/ HTTP/1.1" 200 22211
INFO 2025-10-28 20:00:30,575 basehttp "GET /admin/jsi18n/ HTTP/1.1" 200 3342
INFO 2025-10-28 20:00:30,853 basehttp "GET /static/admin/img/icon-yes.svg HTTP/1.1" 200 436
INFO 2025-10-28 20:00:36,176 basehttp "GET /admin/accounts/user/add/ HTTP/1.1" 200 23976
INFO 2025-10-28 20:00:36,231 basehttp "GET /static/admin/css/forms.css HTTP/1.1" 200 8525
INFO 2025-10-28 20:00:36,239 basehttp "GET /static/admin/css/unusable_password_field.css HTTP/1.1" 200 663
INFO 2025-10-28 20:00:36,257 basehttp "GET /static/admin/js/prepopulate_init.js HTTP/1.1" 200 586
INFO 2025-10-28 20:00:36,263 basehttp "GET /static/admin/css/widgets.css HTTP/1.1" 200 11991
INFO 2025-10-28 20:00:36,313 basehttp "GET /static/admin/js/change_form.js HTTP/1.1" 200 606
INFO 2025-10-28 20:00:36,322 basehttp "GET /admin/jsi18n/ HTTP/1.1" 200 3342
INFO 2025-10-28 20:00:36,361 basehttp "GET /static/admin/js/unusable_password_field.js HTTP/1.1" 200 1480
INFO 2025-10-28 20:00:54,532 basehttp "GET /admin/accounts/otp/ HTTP/1.1" 200 19245
INFO 2025-10-28 20:00:54,635 basehttp "GET /admin/jsi18n/ HTTP/1.1" 200 3342
INFO 2025-10-28 20:00:57,168 basehttp "GET /admin/accounts/user/ HTTP/1.1" 200 22211
INFO 2025-10-28 20:00:57,216 basehttp "GET /admin/jsi18n/ HTTP/1.1" 200 3342
INFO 2025-10-28 20:01:00,351 basehttp "POST /admin/logout/ HTTP/1.1" 200 3572
INFO 2025-10-29 20:46:15,692 autoreload Watching for file changes with StatReloader
WARNING 2025-10-29 20:46:31,144 log Not Found: /
WARNING 2025-10-29 20:46:31,147 basehttp "GET / HTTP/1.1" 404 3639
WARNING 2025-10-29 20:46:31,442 log Not Found: /favicon.ico
WARNING 2025-10-29 20:46:31,445 basehttp "GET /favicon.ico HTTP/1.1" 404 3690
INFO 2025-10-29 20:46:36,723 basehttp "GET /admin HTTP/1.1" 301 0
INFO 2025-10-29 20:46:37,009 basehttp "GET /admin/ HTTP/1.1" 302 0
INFO 2025-10-29 20:46:37,295 basehttp "GET /admin/login/?next=/admin/ HTTP/1.1" 200 4177
INFO 2025-10-29 20:46:37,743 basehttp "GET /static/admin/css/base.css HTTP/1.1" 200 22120
INFO 2025-10-29 20:46:37,838 basehttp "GET /static/admin/css/login.css HTTP/1.1" 200 951
INFO 2025-10-29 20:46:37,850 basehttp "GET /static/admin/css/nav_sidebar.css HTTP/1.1" 200 2810
INFO 2025-10-29 20:46:37,873 basehttp "GET /static/admin/css/dark_mode.css HTTP/1.1" 200 2808
INFO 2025-10-29 20:46:37,890 basehttp "GET /static/admin/css/responsive.css HTTP/1.1" 200 16565
INFO 2025-10-29 20:46:37,902 basehttp "GET /static/admin/js/theme.js HTTP/1.1" 200 1653
INFO 2025-10-29 20:46:37,963 basehttp "GET /static/admin/js/nav_sidebar.js HTTP/1.1" 200 3063
INFO 2025-10-29 20:46:49,844 basehttp "POST /admin/login/?next=/admin/ HTTP/1.1" 302 0
INFO 2025-10-29 20:46:49,984 basehttp "GET /admin/ HTTP/1.1" 200 18343
INFO 2025-10-29 20:46:50,062 basehttp "GET /static/admin/css/dashboard.css HTTP/1.1" 200 441
INFO 2025-10-29 20:46:50,118 basehttp "GET /static/admin/img/icon-addlink.svg HTTP/1.1" 200 331
INFO 2025-10-29 20:46:50,123 basehttp "GET /static/admin/img/icon-changelink.svg HTTP/1.1" 200 380
INFO 2025-10-29 20:46:57,036 basehttp "GET /admin/accounts/otp/ HTTP/1.1" 200 19245
INFO 2025-10-29 20:46:57,097 basehttp "GET /static/admin/css/changelists.css HTTP/1.1" 200 6878
INFO 2025-10-29 20:46:57,188 basehttp "GET /static/admin/js/actions.js HTTP/1.1" 200 8076
INFO 2025-10-29 20:46:57,215 basehttp "GET /static/admin/js/jquery.init.js HTTP/1.1" 200 347
INFO 2025-10-29 20:46:57,216 basehttp "GET /static/admin/js/admin/RelatedObjectLookups.js HTTP/1.1" 200 9777
INFO 2025-10-29 20:46:57,246 basehttp "GET /static/admin/js/urlify.js HTTP/1.1" 200 7887
INFO 2025-10-29 20:46:57,251 basehttp "GET /static/admin/js/prepopulate.js HTTP/1.1" 200 1531
INFO 2025-10-29 20:46:57,257 basehttp "GET /static/admin/js/core.js HTTP/1.1" 200 6208
INFO 2025-10-29 20:46:57,310 basehttp "GET /static/admin/img/search.svg HTTP/1.1" 200 458
INFO 2025-10-29 20:46:57,344 basehttp "GET /static/admin/js/vendor/jquery/jquery.js HTTP/1.1" 200 285314
INFO 2025-10-29 20:46:57,396 basehttp "GET /admin/jsi18n/ HTTP/1.1" 200 3342
INFO 2025-10-29 20:46:57,409 basehttp "GET /static/admin/js/filters.js HTTP/1.1" 200 978
INFO 2025-10-29 20:46:57,542 basehttp "GET /static/admin/js/vendor/xregexp/xregexp.js HTTP/1.1" 200 325171
INFO 2025-10-29 20:46:57,595 basehttp "GET /static/admin/img/tooltag-add.svg HTTP/1.1" 200 331
INFO 2025-10-29 20:46:57,596 basehttp "GET /static/admin/img/icon-viewlink.svg HTTP/1.1" 200 581
INFO 2025-10-29 20:47:52,489 basehttp "POST /api/auth/send-otp/ HTTP/1.1" 200 81
INFO 2025-10-29 20:49:18,054 basehttp "GET /admin/accounts/otp/ HTTP/1.1" 200 22416
INFO 2025-10-29 20:49:18,147 basehttp "GET /static/admin/img/icon-no.svg HTTP/1.1" 200 560
INFO 2025-10-29 20:49:18,303 basehttp "GET /admin/jsi18n/ HTTP/1.1" 200 3342
INFO 2025-10-29 20:49:18,382 basehttp "GET /static/admin/img/sorting-icons.svg HTTP/1.1" 200 1097
WARNING 2025-10-29 20:49:32,384 log Bad Request: /api/auth/verify-otp/
WARNING 2025-10-29 20:49:32,389 basehttp "POST /api/auth/verify-otp/ HTTP/1.1" 400 35
WARNING 2025-10-29 20:49:40,535 log Bad Request: /api/auth/verify-otp/
WARNING 2025-10-29 20:49:40,538 basehttp "POST /api/auth/verify-otp/ HTTP/1.1" 400 54
INFO 2025-10-29 20:49:52,870 basehttp "POST /api/auth/send-otp/ HTTP/1.1" 200 81
INFO 2025-10-29 20:49:56,541 basehttp "GET /admin/accounts/otp/ HTTP/1.1" 200 22416
INFO 2025-10-29 20:49:56,605 basehttp "GET /admin/jsi18n/ HTTP/1.1" 200 3342
WARNING 2025-10-29 20:50:13,421 log Bad Request: /api/auth/verify-otp/
WARNING 2025-10-29 20:50:13,422 basehttp "POST /api/auth/verify-otp/ HTTP/1.1" 400 54
INFO 2025-10-29 20:52:30,130 autoreload C:\Users\dell\OneDrive\Desktop\sports-booking-system\backend\sports_booking\accounts\views.py changed, reloading.
INFO 2025-10-29 20:52:41,860 autoreload Watching for file changes with StatReloader
INFO 2025-10-29 20:52:48,923 autoreload C:\Users\dell\OneDrive\Desktop\sports-booking-system\backend\sports_booking\accounts\views.py changed, reloading.
INFO 2025-10-29 20:52:56,420 autoreload Watching for file changes with StatReloader
INFO 2025-10-29 20:53:05,952 autoreload C:\Users\dell\OneDrive\Desktop\sports-booking-system\backend\sports_booking\accounts\views.py changed, reloading.
INFO 2025-10-29 20:53:13,559 autoreload Watching for file changes with StatReloader
INFO 2025-10-29 20:55:07,221 autoreload C:\Users\dell\OneDrive\Desktop\sports-booking-system\backend\sports_booking\accounts\views.py changed, reloading.
INFO 2025-10-29 20:55:15,337 autoreload Watching for file changes with StatReloader
INFO 2025-10-29 20:56:58,978 basehttp "POST /api/auth/send-otp/ HTTP/1.1" 200 81
INFO 2025-10-29 20:57:02,876 basehttp "GET /admin/accounts/otp/ HTTP/1.1" 200 22416
INFO 2025-10-29 20:57:03,022 basehttp "GET /admin/jsi18n/ HTTP/1.1" 200 3342
WARNING 2025-10-29 20:57:16,221 log Bad Request: /api/auth/verify-otp/
WARNING 2025-10-29 20:57:16,224 basehttp "POST /api/auth/verify-otp/ HTTP/1.1" 400 54
INFO 2025-10-29 20:58:22,938 autoreload C:\Users\dell\OneDrive\Desktop\sports-booking-system\backend\sports_booking\accounts\views.py changed, reloading.
INFO 2025-10-29 20:58:41,161 autoreload Watching for file changes with StatReloader
INFO 2025-10-29 21:01:43,178 basehttp "POST /api/auth/send-otp/ HTTP/1.1" 200 81
INFO 2025-10-29 21:01:46,493 basehttp "GET /admin/accounts/otp/ HTTP/1.1" 200 22416
INFO 2025-10-29 21:01:46,538 basehttp "GET /admin/jsi18n/ HTTP/1.1" 200 3342
WARNING 2025-10-29 21:02:04,134 log Bad Request: /api/auth/verify-otp/
WARNING 2025-10-29 21:02:04,136 basehttp "POST /api/auth/verify-otp/ HTTP/1.1" 400 54
WARNING 2025-10-29 21:02:13,692 log Method Not Allowed: /api/auth/verify-otp/
WARNING 2025-10-29 21:02:13,693 basehttp "GET /api/auth/verify-otp/ HTTP/1.1" 405 40
WARNING 2025-10-29 21:02:20,584 log Bad Request: /api/auth/verify-otp/
WARNING 2025-10-29 21:02:20,586 basehttp "POST /api/auth/verify-otp/ HTTP/1.1" 400 52
INFO 2025-10-29 21:02:31,485 basehttp "POST /api/auth/send-otp/ HTTP/1.1" 200 81
INFO 2025-10-29 21:02:34,842 basehttp "GET /admin/accounts/otp/ HTTP/1.1" 200 22416
INFO 2025-10-29 21:02:34,932 basehttp "GET /admin/jsi18n/ HTTP/1.1" 200 3342
WARNING 2025-10-29 21:02:50,545 log Bad Request: /api/auth/verify-otp/
WARNING 2025-10-29 21:02:50,547 basehttp "POST /api/auth/verify-otp/ HTTP/1.1" 400 54
INFO 2025-10-29 21:03:19,660 basehttp "POST /api/auth/send-otp/ HTTP/1.1" 200 81
INFO 2025-10-29 21:03:23,278 basehttp "GET /admin/accounts/otp/ HTTP/1.1" 200 22416
INFO 2025-10-29 21:03:23,365 basehttp "GET /admin/jsi18n/ HTTP/1.1" 200 3342
WARNING 2025-10-29 21:03:49,243 log Bad Request: /api/auth/verify-otp/
WARNING 2025-10-29 21:03:49,247 basehttp "POST /api/auth/verify-otp/ HTTP/1.1" 400 67
WARNING 2025-10-29 21:03:59,741 log Bad Request: /api/auth/verify-otp/
WARNING 2025-10-29 21:03:59,743 basehttp "POST /api/auth/verify-otp/ HTTP/1.1" 400 54
INFO 2025-10-29 21:06:53,737 autoreload C:\Users\dell\OneDrive\Desktop\sports-booking-system\backend\sports_booking\accounts\models.py changed, reloading.
INFO 2025-10-29 21:07:01,575 autoreload Watching for file changes with StatReloader
INFO 2025-10-29 21:07:32,848 basehttp "POST /api/auth/send-otp/ HTTP/1.1" 200 81
INFO 2025-10-29 21:07:35,817 basehttp "GET /admin/accounts/otp/ HTTP/1.1" 200 22416
INFO 2025-10-29 21:07:35,861 basehttp "GET /admin/jsi18n/ HTTP/1.1" 200 3342
INFO 2025-10-29 21:07:46,847 basehttp "POST /api/auth/verify-otp/ HTTP/1.1" 200 119
INFO 2025-10-29 21:08:17,589 basehttp "GET /admin/accounts/otp/ HTTP/1.1" 200 22416
INFO 2025-10-29 21:08:17,803 basehttp "GET /admin/jsi18n/ HTTP/1.1" 200 3342
INFO 2025-10-29 21:08:17,896 basehttp "GET /static/admin/img/icon-yes.svg HTTP/1.1" 200 436
INFO 2025-10-29 21:08:28,223 basehttp "GET /admin/accounts/user/ HTTP/1.1" 200 22211
INFO 2025-10-29 21:08:28,315 basehttp "GET /admin/jsi18n/ HTTP/1.1" 200 3342
INFO 2025-10-29 21:08:57,196 basehttp "GET /admin/accounts/otp/ HTTP/1.1" 200 22416
INFO 2025-10-29 21:08:57,271 basehttp "GET /admin/jsi18n/ HTTP/1.1" 200 3342
ERROR 2025-10-29 21:10:49,742 log Internal Server Error: /api/auth/register
Traceback (most recent call last):
  File "C:\Users\dell\OneDrive\Desktop\sports-booking-system\backend\sports_env\Lib\site-packages\django\core\handlers\exception.py", line 55, in inner
    response = get_response(request)
  File "C:\Users\dell\OneDrive\Desktop\sports-booking-system\backend\sports_env\Lib\site-packages\django\utils\deprecation.py", line 122, in __call__
    response = self.process_response(request, response)
  File "C:\Users\dell\OneDrive\Desktop\sports-booking-system\backend\sports_env\Lib\site-packages\django\middleware\common.py", line 108, in process_response
    return self.response_redirect_class(self.get_full_path_with_slash(request))
                                        ~~~~~~~~~~~~~~~~~~~~~~~~~~~~~^^^^^^^^^
  File "C:\Users\dell\OneDrive\Desktop\sports-booking-system\backend\sports_env\Lib\site-packages\django\middleware\common.py", line 87, in get_full_path_with_slash
    raise RuntimeError(
    ...<9 lines>...
    )
RuntimeError: You called this URL via POST, but the URL doesn't end in a slash and you have APPEND_SLASH set. Django can't redirect to the slash URL while maintaining POST data. Change your form to point to localhost:8000/api/auth/register/ (note the trailing slash), or set APPEND_SLASH=False in your Django settings.
ERROR 2025-10-29 21:10:49,766 basehttp "POST /api/auth/register HTTP/1.1" 500 82118
ERROR 2025-10-29 21:12:56,236 log Internal Server Error: /api/auth/register
Traceback (most recent call last):
  File "C:\Users\dell\OneDrive\Desktop\sports-booking-system\backend\sports_env\Lib\site-packages\django\core\handlers\exception.py", line 55, in inner
    response = get_response(request)
  File "C:\Users\dell\OneDrive\Desktop\sports-booking-system\backend\sports_env\Lib\site-packages\django\utils\deprecation.py", line 122, in __call__
    response = self.process_response(request, response)
  File "C:\Users\dell\OneDrive\Desktop\sports-booking-system\backend\sports_env\Lib\site-packages\django\middleware\common.py", line 108, in process_response
    return self.response_redirect_class(self.get_full_path_with_slash(request))
                                        ~~~~~~~~~~~~~~~~~~~~~~~~~~~~~^^^^^^^^^
  File "C:\Users\dell\OneDrive\Desktop\sports-booking-system\backend\sports_env\Lib\site-packages\django\middleware\common.py", line 87, in get_full_path_with_slash
    raise RuntimeError(
    ...<9 lines>...
    )
RuntimeError: You called this URL via POST, but the URL doesn't end in a slash and you have APPEND_SLASH set. Django can't redirect to the slash URL while maintaining POST data. Change your form to point to localhost:8000/api/auth/register/ (note the trailing slash), or set APPEND_SLASH=False in your Django settings.
ERROR 2025-10-29 21:12:56,248 basehttp "POST /api/auth/register HTTP/1.1" 500 82125
WARNING 2025-10-29 21:13:56,685 log Bad Request: /api/auth/register/
WARNING 2025-10-29 21:13:56,688 basehttp "POST /api/auth/register/ HTTP/1.1" 400 185
WARNING 2025-10-29 21:15:08,637 log Bad Request: /api/auth/register/
WARNING 2025-10-29 21:15:08,639 basehttp "POST /api/auth/register/ HTTP/1.1" 400 110
INFO 2025-10-29 21:15:37,482 basehttp "POST /api/auth/register/ HTTP/1.1" 201 776
INFO 2025-10-29 21:16:21,571 basehttp "GET /admin/accounts/otp/ HTTP/1.1" 200 22416
INFO 2025-10-29 21:16:21,688 basehttp "GET /admin/jsi18n/ HTTP/1.1" 200 3342
INFO 2025-10-29 21:16:26,000 basehttp "GET /admin/accounts/user/ HTTP/1.1" 200 22941
INFO 2025-10-29 21:16:26,093 basehttp "GET /admin/jsi18n/ HTTP/1.1" 200 3342
INFO 2025-10-30 11:15:23,001 autoreload Watching for file changes with StatReloader
WARNING 2025-10-30 11:15:59,702 log Bad Request: /api/auth/register/
WARNING 2025-10-30 11:15:59,703 basehttp "POST /api/auth/register/ HTTP/1.1" 400 172
WARNING 2025-10-30 11:16:07,142 log Bad Request: /api/auth/register/
WARNING 2025-10-30 11:16:07,143 basehttp "POST /api/auth/register/ HTTP/1.1" 400 172
WARNING 2025-10-30 11:16:08,948 log Bad Request: /api/auth/register/
WARNING 2025-10-30 11:16:08,948 basehttp "POST /api/auth/register/ HTTP/1.1" 400 172
INFO 2025-10-30 11:16:29,408 basehttp "GET /admin/accounts/user/2/change/ HTTP/1.1" 200 37097
INFO 2025-10-30 11:16:29,589 basehttp "GET /admin/jsi18n/ HTTP/1.1" 200 3342
INFO 2025-10-30 11:16:29,673 basehttp "GET /static/admin/css/forms.css HTTP/1.1" 200 8525
INFO 2025-10-30 11:16:29,685 basehttp "GET /static/admin/js/SelectBox.js HTTP/1.1" 200 4530
INFO 2025-10-30 11:16:29,685 basehttp "GET /static/admin/js/SelectFilter2.js HTTP/1.1" 200 15845
INFO 2025-10-30 11:16:29,691 basehttp "GET /static/admin/js/prepopulate_init.js HTTP/1.1" 200 586
INFO 2025-10-30 11:16:29,696 basehttp "GET /static/admin/css/widgets.css HTTP/1.1" 200 11991
INFO 2025-10-30 11:16:29,722 basehttp "GET /static/admin/js/change_form.js HTTP/1.1" 200 606
INFO 2025-10-30 11:16:29,818 basehttp "GET /static/admin/img/selector-icons.svg HTTP/1.1" 200 3291
INFO 2025-10-30 11:16:50,572 basehttp "GET /admin/accounts/user/ HTTP/1.1" 200 22941
WARNING 2025-10-30 11:20:38,466 log Not Found: /api/profile/
WARNING 2025-10-30 11:20:38,467 basehttp "GET /api/profile/ HTTP/1.1" 404 3693
WARNING 2025-10-30 11:20:47,443 log Unauthorized: /api/auth/profile/
WARNING 2025-10-30 11:20:47,444 basehttp "GET /api/auth/profile/ HTTP/1.1" 401 58
WARNING 2025-10-30 11:22:56,050 log Unauthorized: /api/auth/profile/
WARNING 2025-10-30 11:22:56,051 basehttp "GET /api/auth/profile/ HTTP/1.1" 401 58
INFO 2025-10-30 11:23:17,051 basehttp "GET /api/clubs HTTP/1.1" 301 0
WARNING 2025-10-30 11:23:17,056 log Unauthorized: /api/clubs/
WARNING 2025-10-30 11:23:17,057 basehttp "GET /api/clubs/ HTTP/1.1" 401 58
WARNING 2025-10-30 11:23:24,601 log Unauthorized: /api/clubs/
WARNING 2025-10-30 11:23:24,602 basehttp "GET /api/clubs/ HTTP/1.1" 401 58
INFO 2025-10-30 11:23:41,183 basehttp "GET /admin/clubs/club/ HTTP/1.1" 200 18453
INFO 2025-10-30 11:23:41,223 basehttp "GET /admin/jsi18n/ HTTP/1.1" 200 3342
INFO 2025-10-30 11:23:44,624 basehttp "GET /admin/clubs/club/add/ HTTP/1.1" 200 23716
INFO 2025-10-30 11:23:44,655 basehttp "GET /admin/jsi18n/ HTTP/1.1" 200 3342
INFO 2025-10-30 11:23:44,695 basehttp "GET /static/admin/js/calendar.js HTTP/1.1" 200 9141
INFO 2025-10-30 11:23:44,698 basehttp "GET /static/admin/js/admin/DateTimeShortcuts.js HTTP/1.1" 200 19319
INFO 2025-10-30 11:23:44,774 basehttp "GET /static/admin/img/icon-clock.svg HTTP/1.1" 200 677
INFO 2025-10-30 11:27:40,303 autoreload Watching for file changes with StatReloader
WARNING 2025-10-30 11:27:44,874 log Not Found: /api/accounts/profile/
WARNING 2025-10-30 11:27:44,875 basehttp "GET /api/accounts/profile/ HTTP/1.1" 404 3720
WARNING 2025-10-30 11:28:53,710 log Unauthorized: /api/auth/profile/
WARNING 2025-10-30 11:28:53,711 basehttp "GET /api/auth/profile/ HTTP/1.1" 401 58
WARNING 2025-10-30 11:31:24,012 log Unauthorized: /api/auth/profile/
WARNING 2025-10-30 11:31:24,013 basehttp "GET /api/auth/profile/ HTTP/1.1" 401 172
WARNING 2025-10-30 11:37:26,896 log Unauthorized: /api/auth/profile/
WARNING 2025-10-30 11:37:26,898 basehttp "GET /api/auth/profile/ HTTP/1.1" 401 172
WARNING 2025-10-30 11:38:12,303 log Bad Request: /api/auth/verify-otp/
WARNING 2025-10-30 11:38:12,326 basehttp "POST /api/auth/verify-otp/ HTTP/1.1" 400 52
